{"/Users/pietertolsma/Development/informaatje/mylang/src/parser.ts": {"path":"/Users/pietertolsma/Development/informaatje/mylang/src/parser.ts","statementMap":{"0":{"start":{"line":2,"column":0},"end":{"line":2,"column":84}},"1":{"start":{"line":3,"column":0},"end":{"line":3,"column":90}},"2":{"start":{"line":5,"column":0},"end":{"line":5,"column":null}},"3":{"start":{"line":6,"column":4},"end":{"line":6,"column":null}},"4":{"start":{"line":7,"column":4},"end":{"line":7,"column":null}},"5":{"start":{"line":8,"column":4},"end":{"line":8,"column":null}},"6":{"start":{"line":9,"column":4},"end":{"line":9,"column":null}},"7":{"start":{"line":10,"column":4},"end":{"line":10,"column":null}},"8":{"start":{"line":11,"column":4},"end":{"line":11,"column":null}},"9":{"start":{"line":12,"column":4},"end":{"line":12,"column":null}},"10":{"start":{"line":15,"column":13},"end":{"line":23,"column":3}},"11":{"start":{"line":30,"column":14},"end":{"line":30,"column":16}},"12":{"start":{"line":32,"column":4},"end":{"line":34,"column":null}},"13":{"start":{"line":32,"column":17},"end":{"line":32,"column":18}},"14":{"start":{"line":33,"column":8},"end":{"line":33,"column":42}},"15":{"start":{"line":35,"column":4},"end":{"line":35,"column":15}},"16":{"start":{"line":39,"column":4},"end":{"line":39,"column":38}},"17":{"start":{"line":43,"column":4},"end":{"line":43,"column":37}},"18":{"start":{"line":46,"column":12},"end":{"line":46,"column":39}},"19":{"start":{"line":47,"column":12},"end":{"line":47,"column":39}},"20":{"start":{"line":49,"column":0},"end":{"line":51,"column":null}},"21":{"start":{"line":53,"column":0},"end":{"line":59,"column":null}},"22":{"start":{"line":62,"column":4},"end":{"line":62,"column":71}},"23":{"start":{"line":61,"column":0},"end":{"line":61,"column":16}}},"fnMap":{"0":{"name":"(anonymous_0)","decl":{"start":{"line":5,"column":0},"end":{"line":5,"column":12}},"loc":{"start":{"line":5,"column":21},"end":{"line":13,"column":1}}},"1":{"name":"applyFor","decl":{"start":{"line":25,"column":9},"end":{"line":25,"column":17}},"loc":{"start":{"line":28,"column":25},"end":{"line":36,"column":1}}},"2":{"name":"applyMove","decl":{"start":{"line":38,"column":9},"end":{"line":38,"column":18}},"loc":{"start":{"line":38,"column":48},"end":{"line":40,"column":1}}},"3":{"name":"applyTurn","decl":{"start":{"line":42,"column":9},"end":{"line":42,"column":18}},"loc":{"start":{"line":42,"column":75},"end":{"line":44,"column":1}}},"4":{"name":"evaluate","decl":{"start":{"line":61,"column":16},"end":{"line":61,"column":24}},"loc":{"start":{"line":61,"column":38},"end":{"line":63,"column":1}}}},"branchMap":{"0":{"loc":{"start":{"line":5,"column":12},"end":{"line":5,"column":null}},"type":"binary-expr","locations":[{"start":{"line":5,"column":12},"end":{"line":5,"column":21}},{"start":{"line":5,"column":12},"end":{"line":5,"column":null}}]}},"s":{"0":1,"1":1,"2":1,"3":1,"4":1,"5":1,"6":1,"7":1,"8":1,"9":1,"10":1,"11":3,"12":3,"13":3,"14":5,"15":3,"16":3,"17":2,"18":1,"19":1,"20":1,"21":1,"22":3,"23":1},"f":{"0":1,"1":3,"2":3,"3":2,"4":3},"b":{"0":[1,1]}}
}
