{"/Users/pietertolsma/Development/informaatje/firstlang/src/parser.ts": {"path":"/Users/pietertolsma/Development/informaatje/firstlang/src/parser.ts","statementMap":{"0":{"start":{"line":2,"column":0},"end":{"line":2,"column":84}},"1":{"start":{"line":3,"column":0},"end":{"line":3,"column":90}},"2":{"start":{"line":5,"column":0},"end":{"line":5,"column":null}},"3":{"start":{"line":6,"column":4},"end":{"line":6,"column":null}},"4":{"start":{"line":7,"column":4},"end":{"line":7,"column":null}},"5":{"start":{"line":8,"column":4},"end":{"line":8,"column":null}},"6":{"start":{"line":9,"column":4},"end":{"line":9,"column":null}},"7":{"start":{"line":10,"column":4},"end":{"line":10,"column":null}},"8":{"start":{"line":11,"column":4},"end":{"line":11,"column":null}},"9":{"start":{"line":12,"column":4},"end":{"line":12,"column":null}},"10":{"start":{"line":13,"column":4},"end":{"line":13,"column":null}},"11":{"start":{"line":14,"column":4},"end":{"line":14,"column":null}},"12":{"start":{"line":17,"column":13},"end":{"line":27,"column":3}},"13":{"start":{"line":34,"column":25},"end":{"line":34,"column":27}},"14":{"start":{"line":36,"column":4},"end":{"line":38,"column":null}},"15":{"start":{"line":36,"column":17},"end":{"line":36,"column":18}},"16":{"start":{"line":37,"column":8},"end":{"line":37,"column":42}},"17":{"start":{"line":39,"column":4},"end":{"line":39,"column":15}},"18":{"start":{"line":43,"column":4},"end":{"line":43,"column":38}},"19":{"start":{"line":47,"column":4},"end":{"line":47,"column":37}},"20":{"start":{"line":51,"column":4},"end":{"line":51,"column":77}},"21":{"start":{"line":54,"column":12},"end":{"line":54,"column":39}},"22":{"start":{"line":55,"column":12},"end":{"line":55,"column":39}},"23":{"start":{"line":57,"column":0},"end":{"line":59,"column":null}},"24":{"start":{"line":61,"column":0},"end":{"line":68,"column":null}},"25":{"start":{"line":71,"column":4},"end":{"line":71,"column":71}},"26":{"start":{"line":70,"column":0},"end":{"line":70,"column":16}}},"fnMap":{"0":{"name":"(anonymous_0)","decl":{"start":{"line":5,"column":0},"end":{"line":5,"column":12}},"loc":{"start":{"line":5,"column":21},"end":{"line":15,"column":1}}},"1":{"name":"applyFor","decl":{"start":{"line":29,"column":9},"end":{"line":29,"column":17}},"loc":{"start":{"line":32,"column":25},"end":{"line":40,"column":1}}},"2":{"name":"applyMove","decl":{"start":{"line":42,"column":9},"end":{"line":42,"column":18}},"loc":{"start":{"line":42,"column":48},"end":{"line":44,"column":1}}},"3":{"name":"applyTurn","decl":{"start":{"line":46,"column":9},"end":{"line":46,"column":18}},"loc":{"start":{"line":46,"column":75},"end":{"line":48,"column":1}}},"4":{"name":"applyColor","decl":{"start":{"line":50,"column":9},"end":{"line":50,"column":19}},"loc":{"start":{"line":50,"column":80},"end":{"line":52,"column":1}}},"5":{"name":"evaluate","decl":{"start":{"line":70,"column":16},"end":{"line":70,"column":24}},"loc":{"start":{"line":70,"column":38},"end":{"line":72,"column":1}}}},"branchMap":{"0":{"loc":{"start":{"line":5,"column":12},"end":{"line":5,"column":null}},"type":"binary-expr","locations":[{"start":{"line":5,"column":12},"end":{"line":5,"column":21}},{"start":{"line":5,"column":12},"end":{"line":5,"column":null}}]}},"s":{"0":1,"1":1,"2":1,"3":1,"4":1,"5":1,"6":1,"7":1,"8":1,"9":1,"10":1,"11":1,"12":1,"13":3,"14":3,"15":3,"16":5,"17":3,"18":3,"19":2,"20":1,"21":1,"22":1,"23":1,"24":1,"25":4,"26":1},"f":{"0":1,"1":3,"2":3,"3":2,"4":1,"5":4},"b":{"0":[1,1]}}
}
