TN:
SF:out-tsc/src/parser.js
FN:4,(anonymous_0)
FN:26,applyFor
FN:33,applyMove
FN:36,applyTurn
FN:39,applyColor
FN:42,joinResults
FN:57,evaluate
FNF:7
FNH:7
FNDA:1,(anonymous_0)
FNDA:6,applyFor
FNDA:6,applyMove
FNDA:4,applyTurn
FNDA:5,applyColor
FNDA:9,joinResults
FNDA:6,evaluate
DA:4,1
DA:5,1
DA:6,1
DA:7,1
DA:8,1
DA:9,1
DA:10,1
DA:11,1
DA:12,1
DA:13,1
DA:15,1
DA:27,6
DA:28,6
DA:29,9
DA:31,6
DA:34,6
DA:37,4
DA:40,5
DA:43,9
DA:45,1
DA:46,1
DA:47,1
DA:48,1
DA:49,1
DA:50,1
DA:51,1
DA:52,1
DA:53,1
DA:54,1
DA:55,1
DA:56,1
DA:58,6
DA:59,6
DA:62,0
LF:34
LH:33
BRDA:14,0,0,1
BRDA:14,0,1,1
BRF:2
BRH:2
end_of_record
TN:
SF:src/parser.ts
FN:29,applyFor
FN:42,applyMove
FN:46,applyTurn
FN:50,applyColor
FN:54,joinResults
FN:96,evaluate
FNF:6
FNH:6
FNDA:6,applyFor
FNDA:6,applyMove
FNDA:4,applyTurn
FNDA:5,applyColor
FNDA:9,joinResults
FNDA:6,evaluate
DA:17,1
DA:34,6
DA:36,6
DA:37,9
DA:39,6
DA:43,6
DA:47,4
DA:51,5
DA:55,9
DA:58,1
DA:59,1
DA:61,1
DA:63,1
DA:64,1
DA:65,1
DA:67,1
DA:71,1
DA:75,1
DA:79,1
DA:83,1
DA:92,1
DA:97,6
DA:98,6
DA:100,0
LF:24
LH:23
BRF:0
BRH:0
end_of_record
