TN:
SF:src/parser.ts
FN:5,(anonymous_0)
FN:29,applyFor
FN:42,applyMove
FN:46,applyTurn
FN:50,applyColor
FN:70,evaluate
FNF:6
FNH:6
FNDA:1,(anonymous_0)
FNDA:3,applyFor
FNDA:3,applyMove
FNDA:2,applyTurn
FNDA:1,applyColor
FNDA:4,evaluate
DA:2,1
DA:3,1
DA:5,1
DA:6,1
DA:7,1
DA:8,1
DA:9,1
DA:10,1
DA:11,1
DA:12,1
DA:13,1
DA:14,1
DA:17,1
DA:34,3
DA:36,3
DA:37,5
DA:39,3
DA:43,3
DA:47,2
DA:51,1
DA:54,1
DA:55,1
DA:57,1
DA:61,1
DA:70,1
DA:71,4
LF:26
LH:26
BRDA:5,0,0,1
BRDA:5,0,1,1
BRF:2
BRH:2
end_of_record
